<?xml version="1.0" encoding="UTF-8"?>
<!-- Generated by org.testng.reporters.JUnitReportReporter -->
<testsuite hostname="DESKTOP-NVPTPKF" failures="0" tests="1" name="com.rmgTest.CreateProjectUsingPojo" time="3.761" errors="0" timestamp="2021-04-05T18:11:49 IST" skipped="0">
  <testcase classname="com.rmgTest.CreateProjectUsingPojo" name="cretaeProjectPojo" time="3.761"/>
  <system-out/>
</testsuite> <!-- com.rmgTest.CreateProjectUsingPojo -->
