<?xml version="1.0" encoding="UTF-8"?>
<!-- Generated by org.testng.reporters.JUnitReportReporter -->
<testsuite hostname="DESKTOP-NVPTPKF" failures="0" tests="1" name="com.rmgTest.PathParameter" time="2.945" errors="0" timestamp="2021-04-05T18:27:24 IST" skipped="0">
  <testcase classname="com.rmgTest.PathParameter" name="pathParameter" time="2.945"/>
  <system-out/>
</testsuite> <!-- com.rmgTest.PathParameter -->
