<?xml version="1.0" encoding="UTF-8"?>
<!-- Generated by org.testng.reporters.JUnitReportReporter -->
<testsuite hostname="DESKTOP-NVPTPKF" failures="0" tests="1" name="com.rmgTest.CreateProjectUsingFile" time="3.486" errors="0" timestamp="2021-04-05T18:11:00 IST" skipped="0">
  <testcase classname="com.rmgTest.CreateProjectUsingFile" name="createProjectFile" time="3.486"/>
  <system-out/>
</testsuite> <!-- com.rmgTest.CreateProjectUsingFile -->
