<?xml version="1.0" encoding="UTF-8"?>
<!-- Generated by org.testng.reporters.JUnitReportReporter -->
<testsuite hostname="DESKTOP-NVPTPKF" failures="0" tests="1" name="com.rmgTest.DeleteProject" time="3.087" errors="0" timestamp="2021-04-05T16:51:03 IST" skipped="0">
  <testcase classname="com.rmgTest.DeleteProject" name="deleteProject" time="3.087"/>
  <system-out/>
</testsuite> <!-- com.rmgTest.DeleteProject -->
