<?xml version="1.0" encoding="UTF-8"?>
<!-- Generated by org.testng.reporters.JUnitReportReporter -->
<testsuite hostname="DESKTOP-NVPTPKF" failures="0" tests="1" name="com.rmgTest.ProjectTest" time="2.973" errors="0" timestamp="2021-04-05T16:23:27 IST" skipped="0">
  <testcase classname="com.rmgTest.ProjectTest" name="getProjects" time="2.973"/>
  <system-out/>
</testsuite> <!-- com.rmgTest.ProjectTest -->
