<?xml version="1.0" encoding="UTF-8"?>
<!-- Generated by org.testng.reporters.JUnitReportReporter -->
<testsuite hostname="DESKTOP-NVPTPKF" failures="0" tests="1" name="com.rmgTest.CreateProject" time="4.279" errors="0" timestamp="2021-04-05T16:45:00 IST" skipped="0">
  <testcase classname="com.rmgTest.CreateProject" name="createProject" time="4.279"/>
  <system-out/>
</testsuite> <!-- com.rmgTest.CreateProject -->
