<?xml version="1.0" encoding="UTF-8"?>
<!-- Generated by org.testng.reporters.JUnitReportReporter -->
<testsuite hostname="DESKTOP-NVPTPKF" failures="0" tests="1" name="com.rmgTest.AssignmentPojo" time="0.369" errors="0" timestamp="2021-04-06T10:00:17 IST" skipped="0">
  <testcase classname="com.rmgTest.AssignmentPojo" name="assignment" time="0.369"/>
  <system-out/>
</testsuite> <!-- com.rmgTest.AssignmentPojo -->
