<?xml version="1.0" encoding="UTF-8"?>
<!-- Generated by org.testng.reporters.JUnitReportReporter -->
<testsuite hostname="DESKTOP-NVPTPKF" failures="0" tests="1" name="com.rmgTest.CreateProject1" time="4.016" errors="0" timestamp="2021-04-06T11:15:17 IST" skipped="0">
  <testcase classname="com.rmgTest.CreateProject1" name="cretae" time="4.016"/>
  <system-out/>
</testsuite> <!-- com.rmgTest.CreateProject1 -->
