<?xml version="1.0" encoding="UTF-8"?>
<!-- Generated by org.testng.reporters.JUnitReportReporter -->
<testsuite hostname="DESKTOP-NVPTPKF" failures="0" tests="1" name="com.rmgTest.UpdateProject" time="3.956" errors="0" timestamp="2021-04-05T16:47:46 IST" skipped="0">
  <testcase classname="com.rmgTest.UpdateProject" name="updateProject" time="3.956"/>
  <system-out/>
</testsuite> <!-- com.rmgTest.UpdateProject -->
