<?xml version="1.0" encoding="UTF-8"?>
<!-- Generated by org.testng.reporters.JUnitReportReporter -->
<testsuite hostname="DESKTOP-NVPTPKF" failures="0" tests="1" name="com.rmgTest.PutUsingGherkin" time="4.109" errors="0" timestamp="2021-04-06T11:26:25 IST" skipped="0">
  <testcase classname="com.rmgTest.PutUsingGherkin" name="update" time="4.109"/>
  <system-out/>
</testsuite> <!-- com.rmgTest.PutUsingGherkin -->
