<?xml version="1.0" encoding="UTF-8"?>
<!-- Generated by org.testng.reporters.JUnitReportReporter -->
<testsuite hostname="DESKTOP-NVPTPKF" failures="0" tests="1" name="com.rmgTest.UsingGherkin" time="3.700" errors="0" timestamp="2021-04-06T11:08:07 IST" skipped="0">
  <testcase classname="com.rmgTest.UsingGherkin" name="getProject" time="3.700"/>
  <system-out/>
</testsuite> <!-- com.rmgTest.UsingGherkin -->
