<?xml version="1.0" encoding="UTF-8"?>
<!-- Generated by org.testng.reporters.JUnitReportReporter -->
<testsuite hostname="DESKTOP-NVPTPKF" failures="0" tests="1" name="com.rmgTest.DeleteGherkins" time="3.072" errors="0" timestamp="2021-04-06T11:37:41 IST" skipped="0">
  <testcase classname="com.rmgTest.DeleteGherkins" name="deleteProject" time="3.072"/>
  <system-out/>
</testsuite> <!-- com.rmgTest.DeleteGherkins -->
