<?xml version="1.0" encoding="UTF-8"?>
<!-- Generated by org.testng.reporters.JUnitReportReporter -->
<testsuite hostname="DESKTOP-NVPTPKF" failures="0" tests="1" name="com.rmgTest.GetProjectPath" time="3.028" errors="0" timestamp="2021-04-06T12:11:24 IST" skipped="0">
  <testcase classname="com.rmgTest.GetProjectPath" name="getProject" time="3.028"/>
  <system-out/>
</testsuite> <!-- com.rmgTest.GetProjectPath -->
